[10:27:23] Attorelle (409b2c1e-df0d-327b-ab71-8a4f48100358): text
[11:20:22] Attorelle (409b2c1e-df0d-327b-ab71-8a4f48100358): '/list
[11:22:48] Attorelle (409b2c1e-df0d-327b-ab71-8a4f48100358): dsadf
[11:22:49] Attorelle (409b2c1e-df0d-327b-ab71-8a4f48100358): asdasfvcc
[11:22:50] Attorelle (409b2c1e-df0d-327b-ab71-8a4f48100358): dsadf
[11:22:51] Attorelle (409b2c1e-df0d-327b-ab71-8a4f48100358): dsadf
[11:26:16] Attorelle (409b2c1e-df0d-327b-ab71-8a4f48100358): asd
[11:26:29] Attorelle (409b2c1e-df0d-327b-ab71-8a4f48100358): asd
[12:47:10] Attorelle (409b2c1e-df0d-327b-ab71-8a4f48100358): §f Наиграно: #B2E7FF%statistic_time_played:days% §fд., #B2E7FF%statistic_time_played:hours% §fч., #B2E7FF%statistic_time_played:minutes% §fм.
[12:48:59] Attorelle (409b2c1e-df0d-327b-ab71-8a4f48100358): §c 123
[12:49:03] Attorelle (409b2c1e-df0d-327b-ab71-8a4f48100358): §c123
[13:22:22] mnntracy (31079855-a02f-3ccc-bb5f-dd8f03261876): улыбнись, сученька!
[13:23:19] Attorelle (409b2c1e-df0d-327b-ab71-8a4f48100358): оо ку
[13:23:23] Attorelle (409b2c1e-df0d-327b-ab71-8a4f48100358): таб посмотри
[13:23:25] Attorelle (409b2c1e-df0d-327b-ab71-8a4f48100358): скажи че да как
[13:23:28] mnntracy (31079855-a02f-3ccc-bb5f-dd8f03261876): 80
[13:23:37] Attorelle (409b2c1e-df0d-327b-ab71-8a4f48100358): нет а у тебя там кубик или ?
[13:23:41] mnntracy (31079855-a02f-3ccc-bb5f-dd8f03261876): де
[13:23:51] Attorelle (409b2c1e-df0d-327b-ab71-8a4f48100358): ну у тя там хивен написано или квадратик такой?
[13:23:54] mnntracy (31079855-a02f-3ccc-bb5f-dd8f03261876): ивен
[13:23:55] mnntracy (31079855-a02f-3ccc-bb5f-dd8f03261876): х
[13:23:58] Attorelle (409b2c1e-df0d-327b-ab71-8a4f48100358): аа ого
[13:24:01] Attorelle (409b2c1e-df0d-327b-ab71-8a4f48100358): норм сделал?
[13:24:05] mnntracy (31079855-a02f-3ccc-bb5f-dd8f03261876): охуенно
[13:24:16] Attorelle (409b2c1e-df0d-327b-ab71-8a4f48100358): короче я че думаю
[13:24:22] Attorelle (409b2c1e-df0d-327b-ab71-8a4f48100358): может, сделать команду /status?
[13:24:26] mnntracy (31079855-a02f-3ccc-bb5f-dd8f03261876): эт чё
[13:24:28] Attorelle (409b2c1e-df0d-327b-ab71-8a4f48100358): для просмотра информации о сервере
[13:24:32] mnntracy (31079855-a02f-3ccc-bb5f-dd8f03261876): можно
[13:24:39] mnntracy (31079855-a02f-3ccc-bb5f-dd8f03261876): там будет написано самый охуенный сервер?
[13:24:47] mnntracy (31079855-a02f-3ccc-bb5f-dd8f03261876): с самым пиздатым админом?
[13:24:47] Attorelle (409b2c1e-df0d-327b-ab71-8a4f48100358): посмотрим
[13:24:54] mnntracy (31079855-a02f-3ccc-bb5f-dd8f03261876): аторала
[13:24:57] Attorelle (409b2c1e-df0d-327b-ab71-8a4f48100358): я думаю там написать типа это
[13:24:58] Attorelle (409b2c1e-df0d-327b-ab71-8a4f48100358): нуу
[13:25:06] Attorelle (409b2c1e-df0d-327b-ab71-8a4f48100358): че сколько сервер оперативки жрет
[13:25:09] Attorelle (409b2c1e-df0d-327b-ab71-8a4f48100358): и всего такого
[13:25:13] mnntracy (31079855-a02f-3ccc-bb5f-dd8f03261876): понял
[13:25:22] Attorelle (409b2c1e-df0d-327b-ab71-8a4f48100358): §cкстати это будет для поддержавших копейкой
[13:25:26] Attorelle (409b2c1e-df0d-327b-ab71-8a4f48100358): §dи вот это
[13:25:29] mnntracy (31079855-a02f-3ccc-bb5f-dd8f03261876): &6норм
[13:25:29] Attorelle (409b2c1e-df0d-327b-ab71-8a4f48100358): §3и даже это
[13:25:30] mnntracy (31079855-a02f-3ccc-bb5f-dd8f03261876): а
[13:25:32] Attorelle (409b2c1e-df0d-327b-ab71-8a4f48100358): да
[13:25:39] mnntracy (31079855-a02f-3ccc-bb5f-dd8f03261876): киви потом скинешь
[13:25:40] Attorelle (409b2c1e-df0d-327b-ab71-8a4f48100358): тебе в первую очередь выдам
[13:25:42] Attorelle (409b2c1e-df0d-327b-ab71-8a4f48100358): бесплатно
[13:25:46] mnntracy (31079855-a02f-3ccc-bb5f-dd8f03261876): а я скину
[13:25:49] mnntracy (31079855-a02f-3ccc-bb5f-dd8f03261876): на поддержание
[13:25:54] Attorelle (409b2c1e-df0d-327b-ab71-8a4f48100358): аа оки
[13:25:55] Attorelle (409b2c1e-df0d-327b-ab71-8a4f48100358): спасибо
[13:26:09] Attorelle (409b2c1e-df0d-327b-ab71-8a4f48100358): иконку сервера видел?
[13:26:15] mnntracy (31079855-a02f-3ccc-bb5f-dd8f03261876): да
[13:26:23] Attorelle (409b2c1e-df0d-327b-ab71-8a4f48100358): мне ее на заказ нарисовали охуеть....
[13:26:27] mnntracy (31079855-a02f-3ccc-bb5f-dd8f03261876): о топчик
[13:26:36] Attorelle (409b2c1e-df0d-327b-ab71-8a4f48100358): тээкс
[13:26:37] Attorelle (409b2c1e-df0d-327b-ab71-8a4f48100358): щас
[13:26:38] Attorelle (409b2c1e-df0d-327b-ab71-8a4f48100358): 5 мин
[13:26:43] mnntracy (31079855-a02f-3ccc-bb5f-dd8f03261876): стой брат
[13:26:45] mnntracy (31079855-a02f-3ccc-bb5f-dd8f03261876): я уже лив
[13:26:53] mnntracy (31079855-a02f-3ccc-bb5f-dd8f03261876): или важно очень?
[13:26:56] Attorelle (409b2c1e-df0d-327b-ab71-8a4f48100358): не очень
[13:27:04] Attorelle (409b2c1e-df0d-327b-ab71-8a4f48100358): у тебя кстати текстурпак сам установился?
[13:27:08] mnntracy (31079855-a02f-3ccc-bb5f-dd8f03261876): там вылезла
[13:27:10] mnntracy (31079855-a02f-3ccc-bb5f-dd8f03261876): кнопка
[13:27:12] mnntracy (31079855-a02f-3ccc-bb5f-dd8f03261876): установить или нет
[13:27:15] mnntracy (31079855-a02f-3ccc-bb5f-dd8f03261876): я нажал да
[13:27:18] mnntracy (31079855-a02f-3ccc-bb5f-dd8f03261876): и меня в жопу выебали
[13:27:19] Attorelle (409b2c1e-df0d-327b-ab71-8a4f48100358): а если бы нет нажал...
[13:27:23] Attorelle (409b2c1e-df0d-327b-ab71-8a4f48100358): я ж не смотрел что там
[13:27:33] mnntracy (31079855-a02f-3ccc-bb5f-dd8f03261876): если бы нет нажал то не выебали бы
[13:27:39] Attorelle (409b2c1e-df0d-327b-ab71-8a4f48100358): а надо было нет нажать
[13:27:46] mnntracy (31079855-a02f-3ccc-bb5f-dd8f03261876): да пох
[13:27:48] Attorelle (409b2c1e-df0d-327b-ab71-8a4f48100358): да
[13:32:44] Attorelle (409b2c1e-df0d-327b-ab71-8a4f48100358): false
[15:56:57] Attorelle (409b2c1e-df0d-327b-ab71-8a4f48100358): 5
[15:58:56] Attorelle (409b2c1e-df0d-327b-ab71-8a4f48100358): ads /status
[19:18:27] Attorelle (409b2c1e-df0d-327b-ab71-8a4f48100358): ?
