[00:43:24] _PIESEL_ (34ca18d8-5ce4-43b7-bbf3-5cef19f48697): @everyone o/
[00:43:33] _PIESEL_ (34ca18d8-5ce4-43b7-bbf3-5cef19f48697): @_Piesel_ o/
[00:43:38] _PIESEL_ (34ca18d8-5ce4-43b7-bbf3-5cef19f48697): _Piesel_ o/
[15:58:10] _PIESEL_ (34ca18d8-5ce4-43b7-bbf3-5cef19f48697): 123
[15:59:39] _PIESEL_ (34ca18d8-5ce4-43b7-bbf3-5cef19f48697): 123
[16:01:40] _PIESEL_ (34ca18d8-5ce4-43b7-bbf3-5cef19f48697): 213
[16:04:54] _PIESEL_ (34ca18d8-5ce4-43b7-bbf3-5cef19f48697): 123
[16:06:52] _PIESEL_ (34ca18d8-5ce4-43b7-bbf3-5cef19f48697): 123
[16:07:50] _PIESEL_ (34ca18d8-5ce4-43b7-bbf3-5cef19f48697): 123
[16:07:53] _PIESEL_ (34ca18d8-5ce4-43b7-bbf3-5cef19f48697): axdcxz
[16:08:46] _PIESEL_ (34ca18d8-5ce4-43b7-bbf3-5cef19f48697): asd
[16:11:20] _PIESEL_ (34ca18d8-5ce4-43b7-bbf3-5cef19f48697): 123
[16:12:09] _PIESEL_ (34ca18d8-5ce4-43b7-bbf3-5cef19f48697): 123
[16:14:11] _PIESEL_ (34ca18d8-5ce4-43b7-bbf3-5cef19f48697): 123
[16:15:15] _PIESEL_ (34ca18d8-5ce4-43b7-bbf3-5cef19f48697): qwe
[16:15:22] _PIESEL_ (34ca18d8-5ce4-43b7-bbf3-5cef19f48697): asd
[16:18:40] _PIESEL_ (34ca18d8-5ce4-43b7-bbf3-5cef19f48697): https://luckperms.net/editor/VHBLGLPDrb
[16:20:12] _PIESEL_ (34ca18d8-5ce4-43b7-bbf3-5cef19f48697): asd
[16:20:58] _PIESEL_ (34ca18d8-5ce4-43b7-bbf3-5cef19f48697): 123
[16:21:36] _PIESEL_ (34ca18d8-5ce4-43b7-bbf3-5cef19f48697): 123
[16:22:39] _PIESEL_ (34ca18d8-5ce4-43b7-bbf3-5cef19f48697): lp
[17:46:07] _PIESEL_ (34ca18d8-5ce4-43b7-bbf3-5cef19f48697): asd
[17:46:34] _PIESEL_ (34ca18d8-5ce4-43b7-bbf3-5cef19f48697): asd
